<?xml version="1.0" encoding="UTF-8"?>
<!-- Generated by org.testng.reporters.JUnitXMLReporter -->
<testsuite hostname="asda1717po02529" ignored="0" name="Default test" tests="10" failures="0" timestamp="04 Jul 2017 12:31:36 GMT" time="0.329" errors="0">
  <testcase name="Team_getActiveMembers_should_return_a_list_of_team_members_that_are_active" time="0.13" classname="com.qainfotech.tap.training.resourceio.TeamsYamlReaderTest"/>
  <testcase name="Team_getInactiveMembers_should_return_a_list_of_individual_team_members_that_are_inactive" time="0.032" classname="com.qainfotech.tap.training.resourceio.TeamsYamlReaderTest"/>
  <testcase name="getIndividualById_should_return_Individual_object_matching_id" time="0.003" classname="com.qainfotech.tap.training.resourceio.TeamsYamlReaderTest"/>
  <testcase name="getIndividualById_should_throw_ObjectNotFoundException_for_incorrect_id" time="0.003" classname="com.qainfotech.tap.training.resourceio.TeamsYamlReaderTest"/>
  <testcase name="getIndividualByName_should_return_Individual_object_matching_name" time="0.002" classname="com.qainfotech.tap.training.resourceio.TeamsYamlReaderTest"/>
  <testcase name="getIndividualByName_should_throw_ObjectNotFoundException_for_incorrect_name" time="0.002" classname="com.qainfotech.tap.training.resourceio.TeamsYamlReaderTest"/>
  <testcase name="getListOfActiveIndividuals_ahould_return_array_list_of_only_active_individual_objects" time="0.004" classname="com.qainfotech.tap.training.resourceio.TeamsYamlReaderTest"/>
  <testcase name="getListOfInactiveIndividuals_should_return_array_list_of_only_inactive_individual_objects" time="0.004" classname="com.qainfotech.tap.training.resourceio.TeamsYamlReaderTest"/>
  <testcase name="getListOfIndividuals_should_return_array_list_of_all_individual_objects" time="0.013" classname="com.qainfotech.tap.training.resourceio.TeamsYamlReaderTest"/>
  <testcase name="getListOfTeams_should_return_a_list_if_Team_object_from_db_json" time="0.062" classname="com.qainfotech.tap.training.resourceio.TeamsYamlReaderTest"/>
</testsuite> <!-- Default test -->
