<?xml version="1.0" encoding="UTF-8"?>
<testng-results skipped="0" failed="0" ignored="9" total="10" passed="1">
  <reporter-output>
  </reporter-output>
  <suite name="Default suite" duration-ms="126" started-at="2017-07-03T12:35:38Z" finished-at="2017-07-03T12:35:38Z">
    <groups>
    </groups>
    <test name="Default test" duration-ms="126" started-at="2017-07-03T12:35:38Z" finished-at="2017-07-03T12:35:38Z">
      <class name="com.qainfotech.tap.training.resourceio.TeamsYamlReaderTest">
        <test-method status="PASS" signature="loadDB()[pri:0, instance:com.qainfotech.tap.training.resourceio.TeamsYamlReaderTest@215be6bb]" name="loadDB" is-config="true" duration-ms="38" started-at="2017-07-03T18:05:38Z" finished-at="2017-07-03T18:05:38Z">
          <reporter-output>
          </reporter-output>
        </test-method> <!-- loadDB -->
        <test-method status="PASS" signature="getListOfInactiveIndividuals_should_return_array_list_of_only_inactive_individual_objects()[pri:0, instance:com.qainfotech.tap.training.resourceio.TeamsYamlReaderTest@215be6bb]" name="getListOfInactiveIndividuals_should_return_array_list_of_only_inactive_individual_objects" duration-ms="72" started-at="2017-07-03T18:05:38Z" finished-at="2017-07-03T18:05:38Z">
          <reporter-output>
          </reporter-output>
        </test-method> <!-- getListOfInactiveIndividuals_should_return_array_list_of_only_inactive_individual_objects -->
      </class> <!-- com.qainfotech.tap.training.resourceio.TeamsYamlReaderTest -->
    </test> <!-- Default test -->
  </suite> <!-- Default suite -->
</testng-results>
